2024-09-26 12:45:42.448 INFO  [JavaFX Application Thread] org.example.appmensajessecretos.ui.GroupController - Nuevo usuario creado
2024-09-26 12:45:42.454 INFO  [JavaFX Application Thread] org.example.appmensajessecretos.ui.GroupController - Logged in
2024-09-26 12:49:31.886 INFO  [JavaFX Application Thread] org.example.appmensajessecretos.ui.GroupController - Nuevo usuario creado
2024-09-26 12:49:31.889 INFO  [JavaFX Application Thread] org.example.appmensajessecretos.ui.GroupController - Logged in
2024-09-26 12:51:02.696 INFO  [JavaFX Application Thread] org.example.appmensajessecretos.ui.GroupController - Nuevo usuario creado
2024-09-26 12:51:02.703 INFO  [JavaFX Application Thread] org.example.appmensajessecretos.ui.GroupController - Logged in
2024-09-26 12:52:33.740 INFO  [JavaFX Application Thread] org.example.appmensajessecretos.ui.GroupController - Nuevo usuario creado
2024-09-26 12:52:33.749 INFO  [JavaFX Application Thread] org.example.appmensajessecretos.ui.GroupController - Logged in
2024-09-26 12:55:07.499 INFO  [JavaFX Application Thread] org.example.appmensajessecretos.ui.GroupController - Nuevo usuario creado
2024-09-26 12:55:07.502 INFO  [JavaFX Application Thread] org.example.appmensajessecretos.ui.GroupController - Logged in
2024-09-26 12:59:00.140 INFO  [JavaFX Application Thread] org.example.appmensajessecretos.ui.GroupController - Nuevo usuario creado
2024-09-26 12:59:00.149 INFO  [JavaFX Application Thread] org.example.appmensajessecretos.ui.GroupController - Logged in
2024-09-26 12:59:24.819 ERROR [JavaFX Application Thread] org.example.appmensajessecretos.ui.GroupController - El grupo no existe, si quiere puede crearlo
2024-09-26 13:03:53.472 INFO  [JavaFX Application Thread] org.example.appmensajessecretos.ui.GroupController - Nuevo usuario creado
2024-09-26 13:03:53.480 INFO  [JavaFX Application Thread] org.example.appmensajessecretos.ui.GroupController - Logged in
2024-09-26 13:14:56.053 INFO  [JavaFX Application Thread] org.example.appmensajessecretos.ui.GroupController - Nuevo usuario creado
2024-09-26 13:14:56.057 INFO  [JavaFX Application Thread] org.example.appmensajessecretos.ui.GroupController - Logged in
2024-09-26 13:15:42.135 INFO  [JavaFX Application Thread] org.example.appmensajessecretos.ui.GroupController - Nuevo usuario creado
2024-09-26 13:15:42.142 INFO  [JavaFX Application Thread] org.example.appmensajessecretos.ui.GroupController - Logged in
2024-09-26 13:18:46.330 INFO  [JavaFX Application Thread] org.example.appmensajessecretos.ui.GroupController - Nuevo usuario creado
2024-09-26 13:18:46.339 INFO  [JavaFX Application Thread] org.example.appmensajessecretos.ui.GroupController - Logged in
2024-09-26 13:19:42.539 INFO  [JavaFX Application Thread] org.example.appmensajessecretos.ui.GroupController - Nuevo usuario creado
2024-09-26 13:19:42.554 INFO  [JavaFX Application Thread] org.example.appmensajessecretos.ui.GroupController - Logged in
2024-09-26 13:29:26.130 INFO  [JavaFX Application Thread] org.example.appmensajessecretos.ui.GroupController - Nuevo usuario creado
2024-09-26 13:29:26.135 INFO  [JavaFX Application Thread] org.example.appmensajessecretos.ui.GroupController - Logged in
2024-09-26 17:47:25.091 INFO  [JavaFX Application Thread] org.example.appmensajessecretos.ui.GroupController - Nuevo usuario creado
2024-09-26 17:47:25.097 INFO  [JavaFX Application Thread] org.example.appmensajessecretos.ui.GroupController - Logged in
2024-09-26 17:51:04.952 INFO  [JavaFX Application Thread] org.example.appmensajessecretos.ui.GroupController - Nuevo usuario creado
2024-09-26 17:51:04.963 INFO  [JavaFX Application Thread] org.example.appmensajessecretos.ui.GroupController - Logged in
2024-09-26 17:53:50.948 INFO  [JavaFX Application Thread] org.example.appmensajessecretos.ui.GroupController - Nuevo usuario creado
2024-09-26 17:53:50.958 INFO  [JavaFX Application Thread] org.example.appmensajessecretos.ui.GroupController - Logged in
2024-09-26 17:59:06.558 INFO  [JavaFX Application Thread] org.example.appmensajessecretos.ui.GroupController - Nuevo usuario creado
2024-09-26 17:59:06.567 INFO  [JavaFX Application Thread] org.example.appmensajessecretos.ui.GroupController - Logged in
2024-09-26 17:59:33.821 ERROR [JavaFX Application Thread] org.example.appmensajessecretos.ui.GroupController - No se ha podido unir al grupo
2024-09-26 18:02:03.570 INFO  [JavaFX Application Thread] org.example.appmensajessecretos.ui.GroupController - Nuevo usuario creado
2024-09-26 18:02:03.578 INFO  [JavaFX Application Thread] org.example.appmensajessecretos.ui.GroupController - Logged in
2024-09-26 18:02:08.366 ERROR [JavaFX Application Thread] org.example.appmensajessecretos.ui.GroupController - No se ha podido unir al grupo
2024-09-26 18:03:16.579 INFO  [JavaFX Application Thread] org.example.appmensajessecretos.ui.GroupController - Nuevo usuario creado
2024-09-26 18:03:16.586 INFO  [JavaFX Application Thread] org.example.appmensajessecretos.ui.GroupController - Logged in
2024-09-26 18:04:27.405 ERROR [JavaFX Application Thread] org.example.appmensajessecretos.ui.GroupController - No se ha podido unir al grupo
2024-09-26 18:06:14.286 INFO  [JavaFX Application Thread] org.example.appmensajessecretos.ui.GroupController - Nuevo usuario creado
2024-09-26 18:06:14.299 INFO  [JavaFX Application Thread] org.example.appmensajessecretos.ui.GroupController - Logged in
2024-09-26 18:06:19.351 ERROR [JavaFX Application Thread] org.example.appmensajessecretos.ui.GroupController - El grupo no existe, si quiere puede crearlo
2024-09-26 18:08:04.821 INFO  [JavaFX Application Thread] org.example.appmensajessecretos.ui.GroupController - Nuevo usuario creado
2024-09-26 18:08:04.832 INFO  [JavaFX Application Thread] org.example.appmensajessecretos.ui.GroupController - Logged in
2024-09-26 18:09:57.187 ERROR [JavaFX Application Thread] org.example.appmensajessecretos.ui.GroupController - El grupo no existe, si quiere puede crearlo
2024-09-26 18:10:52.570 INFO  [JavaFX Application Thread] org.example.appmensajessecretos.ui.GroupController - Nuevo usuario creado
2024-09-26 18:10:52.578 INFO  [JavaFX Application Thread] org.example.appmensajessecretos.ui.GroupController - Logged in
2024-09-26 18:10:59.498 INFO  [JavaFX Application Thread] org.example.appmensajessecretos.ui.GroupController - Se ha unido al grupo
2024-09-26 18:13:06.134 INFO  [JavaFX Application Thread] org.example.appmensajessecretos.ui.GroupController - Nuevo usuario creado
2024-09-26 18:13:06.147 INFO  [JavaFX Application Thread] org.example.appmensajessecretos.ui.GroupController - Logged in
2024-09-26 18:13:59.027 INFO  [JavaFX Application Thread] org.example.appmensajessecretos.ui.GroupController - Se ha unido al grupo
2024-09-26 18:15:40.612 INFO  [JavaFX Application Thread] org.example.appmensajessecretos.ui.GroupController - Nuevo usuario creado
2024-09-26 18:15:40.620 INFO  [JavaFX Application Thread] org.example.appmensajessecretos.ui.GroupController - Logged in
2024-09-26 18:17:05.985 INFO  [JavaFX Application Thread] org.example.appmensajessecretos.ui.GroupController - Se ha unido al grupo
2024-09-26 18:34:26.520 INFO  [JavaFX Application Thread] org.example.appmensajessecretos.ui.GroupController - Nuevo usuario creado
2024-09-26 18:34:26.527 INFO  [JavaFX Application Thread] org.example.appmensajessecretos.ui.GroupController - Logged in
2024-09-26 21:46:52.388 INFO  [JavaFX Application Thread] org.example.appmensajessecretos.ui.GroupController - Nuevo usuario creado
2024-09-26 21:46:52.396 INFO  [JavaFX Application Thread] org.example.appmensajessecretos.ui.GroupController - Logged in
2024-09-26 21:47:43.288 INFO  [JavaFX Application Thread] org.example.appmensajessecretos.ui.GroupController - Nuevo usuario creado
2024-09-26 21:47:43.296 INFO  [JavaFX Application Thread] org.example.appmensajessecretos.ui.GroupController - Logged in
2024-09-26 21:57:25.974 INFO  [JavaFX Application Thread] org.example.appmensajessecretos.ui.GroupController - Nuevo usuario creado
2024-09-26 21:57:25.976 INFO  [JavaFX Application Thread] org.example.appmensajessecretos.ui.GroupController - Logged in
2024-09-26 21:57:35.771 ERROR [JavaFX Application Thread] org.example.appmensajessecretos.ui.GroupController - El grupo no existe, si quiere puede crearlo
2024-09-26 21:57:38.194 ERROR [JavaFX Application Thread] org.example.appmensajessecretos.ui.GroupController - El grupo no existe, si quiere puede crearlo
2024-09-26 21:57:51.211 INFO  [JavaFX Application Thread] org.example.appmensajessecretos.ui.GroupController - Se ha unido al grupo
2024-09-28 21:29:45.929 INFO  [JavaFX Application Thread] org.example.appmensajessecretos.ui.GroupController - Logged in
2024-09-28 21:35:45.558 INFO  [JavaFX Application Thread] org.example.appmensajessecretos.ui.GroupController - No se ha iniciado sesion
2024-09-28 21:38:03.825 INFO  [JavaFX Application Thread] org.example.appmensajessecretos.ui.GroupController - No se ha iniciado sesion
2024-09-28 21:38:16.874 INFO  [JavaFX Application Thread] org.example.appmensajessecretos.ui.GroupController - No se ha iniciado sesion
2024-09-28 21:38:19.050 INFO  [JavaFX Application Thread] org.example.appmensajessecretos.ui.GroupController - No se ha iniciado sesion
2024-09-28 21:38:19.233 INFO  [JavaFX Application Thread] org.example.appmensajessecretos.ui.GroupController - No se ha iniciado sesion
2024-09-28 21:38:19.393 INFO  [JavaFX Application Thread] org.example.appmensajessecretos.ui.GroupController - No se ha iniciado sesion
2024-09-28 21:41:22.622 INFO  [JavaFX Application Thread] org.example.appmensajessecretos.ui.GroupController - No se ha iniciado sesion
2024-09-28 21:45:02.529 INFO  [JavaFX Application Thread] org.example.appmensajessecretos.ui.GroupController - No se ha iniciado sesion
2024-09-28 21:50:57.440 INFO  [JavaFX Application Thread] org.example.appmensajessecretos.ui.GroupController - No se ha iniciado sesion
2024-09-28 22:01:57.267 INFO  [JavaFX Application Thread] org.example.appmensajessecretos.ui.GroupController - No se ha iniciado sesion
2024-09-28 22:02:03.099 INFO  [JavaFX Application Thread] org.example.appmensajessecretos.ui.GroupController - Se ha unido al grupo
2024-09-28 22:02:07.402 ERROR [JavaFX Application Thread] org.example.appmensajessecretos.ui.GroupController - No se ha podido unir al grupo
2024-09-28 22:02:08.682 ERROR [JavaFX Application Thread] org.example.appmensajessecretos.ui.GroupController - No se ha podido unir al grupo
2024-09-28 22:02:15.156 INFO  [JavaFX Application Thread] org.example.appmensajessecretos.ui.GroupController - Nuevo usuario creado
2024-09-28 22:02:15.156 INFO  [JavaFX Application Thread] org.example.appmensajessecretos.ui.GroupController - Logged in
2024-09-28 22:02:17.434 INFO  [JavaFX Application Thread] org.example.appmensajessecretos.ui.GroupController - No se ha iniciado sesion
2024-09-28 22:11:53.895 INFO  [JavaFX Application Thread] org.example.appmensajessecretos.ui.GroupController - No se ha iniciado sesion
2024-09-28 22:12:53.754 INFO  [JavaFX Application Thread] org.example.appmensajessecretos.ui.GroupController - Se ha unido al grupo
2024-09-28 22:14:15.884 INFO  [JavaFX Application Thread] org.example.appmensajessecretos.ui.GroupController - No se ha podido iniciado sesion
2024-09-28 22:14:23.874 INFO  [JavaFX Application Thread] org.example.appmensajessecretos.ui.GroupController - Se ha unido al grupo
2024-09-28 22:16:04.287 INFO  [JavaFX Application Thread] org.example.appmensajessecretos.ui.GroupController - No se ha podido iniciado sesion
2024-09-28 22:16:12.019 INFO  [JavaFX Application Thread] org.example.appmensajessecretos.ui.GroupController - Se ha unido al grupo
2024-09-28 22:17:33.841 INFO  [JavaFX Application Thread] org.example.appmensajessecretos.ui.GroupController - No se ha podido iniciado sesion
2024-09-28 22:17:39.330 INFO  [JavaFX Application Thread] org.example.appmensajessecretos.ui.GroupController - No se ha podido iniciado sesion
2024-09-28 22:17:41.345 INFO  [JavaFX Application Thread] org.example.appmensajessecretos.ui.GroupController - No se ha podido iniciado sesion
2024-09-28 22:23:12.505 INFO  [JavaFX Application Thread] org.example.appmensajessecretos.ui.GroupController - No se ha podido iniciado sesion
2024-09-28 22:23:19.930 INFO  [JavaFX Application Thread] org.example.appmensajessecretos.ui.GroupController - No ha iniciado sesion
2024-09-28 22:23:23.953 INFO  [JavaFX Application Thread] org.example.appmensajessecretos.ui.GroupController - No ha iniciado sesion
2024-09-28 22:23:31.810 INFO  [JavaFX Application Thread] org.example.appmensajessecretos.ui.GroupController - Nuevo usuario creado
2024-09-28 22:23:31.810 INFO  [JavaFX Application Thread] org.example.appmensajessecretos.ui.GroupController - Logged in
2024-09-28 22:23:33.841 INFO  [JavaFX Application Thread] org.example.appmensajessecretos.ui.GroupController - Se ha unido al grupo
2024-09-28 22:24:22.176 INFO  [JavaFX Application Thread] org.example.appmensajessecretos.ui.GroupController - No ha iniciado sesion
2024-09-28 22:25:15.916 INFO  [JavaFX Application Thread] org.example.appmensajessecretos.ui.GroupController - No se ha podido iniciado sesion
2024-09-28 22:25:31.098 INFO  [JavaFX Application Thread] org.example.appmensajessecretos.ui.GroupController - No ha iniciado sesion
2024-09-28 22:25:35.177 INFO  [JavaFX Application Thread] org.example.appmensajessecretos.ui.GroupController - Nuevo usuario creado
2024-09-28 22:25:35.177 INFO  [JavaFX Application Thread] org.example.appmensajessecretos.ui.GroupController - Logged in
2024-09-28 22:25:36.401 INFO  [JavaFX Application Thread] org.example.appmensajessecretos.ui.GroupController - Se ha unido al grupo
2024-09-28 22:27:18.308 INFO  [JavaFX Application Thread] org.example.appmensajessecretos.ui.GroupController - No se ha podido iniciado sesion
2024-09-28 22:27:25.042 INFO  [JavaFX Application Thread] org.example.appmensajessecretos.ui.GroupController - No ha iniciado sesion
2024-09-28 22:27:33.498 INFO  [JavaFX Application Thread] org.example.appmensajessecretos.ui.GroupController - No ha iniciado sesion
2024-09-28 22:27:35.553 INFO  [JavaFX Application Thread] org.example.appmensajessecretos.ui.GroupController - Nuevo usuario creado
2024-09-28 22:27:35.554 INFO  [JavaFX Application Thread] org.example.appmensajessecretos.ui.GroupController - Logged in
2024-09-28 22:27:37.833 INFO  [JavaFX Application Thread] org.example.appmensajessecretos.ui.GroupController - Se ha unido al grupo
2024-09-28 22:27:40.879 INFO  [JavaFX Application Thread] org.example.appmensajessecretos.ui.GroupController - Se ha unido al grupo
2024-09-28 22:29:14.341 INFO  [JavaFX Application Thread] org.example.appmensajessecretos.ui.GroupController - Nuevo usuario creado
2024-09-28 22:29:14.345 INFO  [JavaFX Application Thread] org.example.appmensajessecretos.ui.GroupController - Logged in
2024-09-28 22:29:30.567 INFO  [JavaFX Application Thread] org.example.appmensajessecretos.ui.GroupController - Grupo creado
2024-09-28 22:29:36.252 INFO  [JavaFX Application Thread] org.example.appmensajessecretos.ui.GroupController - Se ha unido al grupo
2024-09-28 22:29:41.376 INFO  [JavaFX Application Thread] org.example.appmensajessecretos.ui.GroupController - Se ha unido al grupo
2024-09-28 22:29:42.936 ERROR [JavaFX Application Thread] org.example.appmensajessecretos.ui.GroupController - No se ha podido unir al grupo
2024-09-28 22:29:46.992 INFO  [JavaFX Application Thread] org.example.appmensajessecretos.ui.GroupController - Grupo creado
2024-09-28 22:32:36.109 INFO  [JavaFX Application Thread] org.example.appmensajessecretos.ui.GroupController - Nuevo usuario creado
2024-09-28 22:32:36.114 INFO  [JavaFX Application Thread] org.example.appmensajessecretos.ui.GroupController - Logged in
2024-09-28 22:32:39.425 INFO  [JavaFX Application Thread] org.example.appmensajessecretos.ui.GroupController - Nuevo usuario creado
2024-09-28 22:32:39.425 INFO  [JavaFX Application Thread] org.example.appmensajessecretos.ui.GroupController - Logged in
2024-09-28 22:32:40.713 INFO  [JavaFX Application Thread] org.example.appmensajessecretos.ui.GroupController - Nuevo usuario creado
2024-09-28 22:32:40.713 INFO  [JavaFX Application Thread] org.example.appmensajessecretos.ui.GroupController - Logged in
2024-09-28 22:33:01.337 INFO  [JavaFX Application Thread] org.example.appmensajessecretos.ui.GroupController - Se ha unido al grupo
2024-09-28 22:33:02.376 ERROR [JavaFX Application Thread] org.example.appmensajessecretos.ui.GroupController - No se ha podido unir al grupo
2024-09-28 22:33:12.759 INFO  [JavaFX Application Thread] org.example.appmensajessecretos.ui.GroupController - Grupo creado
2024-09-28 22:33:19.096 INFO  [JavaFX Application Thread] org.example.appmensajessecretos.ui.GroupController - Se ha unido al grupo
2024-09-28 22:33:20.976 INFO  [JavaFX Application Thread] org.example.appmensajessecretos.ui.GroupController - Grupo creado
2024-09-28 23:09:03.455 INFO  [JavaFX Application Thread] org.example.appmensajessecretos.ui.GroupController - Nuevo usuario creado
2024-09-28 23:09:03.459 INFO  [JavaFX Application Thread] org.example.appmensajessecretos.ui.GroupController - Logged in
2024-09-28 23:09:32.573 INFO  [JavaFX Application Thread] org.example.appmensajessecretos.ui.GroupController - Nuevo usuario creado
2024-09-28 23:09:32.577 INFO  [JavaFX Application Thread] org.example.appmensajessecretos.ui.GroupController - Logged in
2024-09-28 23:09:47.795 INFO  [JavaFX Application Thread] org.example.appmensajessecretos.ui.GroupController - Se ha unido al grupo
2024-09-28 23:09:57.748 INFO  [JavaFX Application Thread] org.example.appmensajessecretos.ui.GroupController - Grupo creado
2024-09-28 23:10:00.720 ERROR [JavaFX Application Thread] org.example.appmensajessecretos.ui.GroupController - No se ha podido crear el grupo
2024-09-28 23:10:10.630 INFO  [JavaFX Application Thread] org.example.appmensajessecretos.ui.GroupController - Se ha unido al grupo
2024-09-28 23:10:50.448 INFO  [JavaFX Application Thread] org.example.appmensajessecretos.ui.GroupController - Nuevo usuario creado
2024-09-28 23:10:50.448 INFO  [JavaFX Application Thread] org.example.appmensajessecretos.ui.GroupController - Logged in
2024-09-30 07:21:25.512 INFO  [JavaFX Application Thread] org.example.appmensajessecretos.ui.GroupController - Nuevo usuario creado
2024-09-30 07:21:25.518 INFO  [JavaFX Application Thread] org.example.appmensajessecretos.ui.GroupController - Logged in
2024-09-30 07:21:31.285 INFO  [JavaFX Application Thread] org.example.appmensajessecretos.ui.GroupController - Se ha unido al grupo
2024-09-30 07:21:38.427 INFO  [JavaFX Application Thread] org.example.appmensajessecretos.ui.GroupController - Grupo creado
2024-09-30 07:21:44.976 INFO  [JavaFX Application Thread] org.example.appmensajessecretos.ui.GroupController - Se ha unido al grupo
2024-09-30 07:21:52.542 INFO  [JavaFX Application Thread] org.example.appmensajessecretos.ui.GroupController - Nuevo usuario creado
2024-09-30 07:21:52.542 INFO  [JavaFX Application Thread] org.example.appmensajessecretos.ui.GroupController - Logged in
2024-09-30 07:21:57.249 INFO  [JavaFX Application Thread] org.example.appmensajessecretos.ui.GroupController - Se ha unido al grupo
2024-09-30 07:22:13.208 INFO  [JavaFX Application Thread] org.example.appmensajessecretos.ui.GroupController - Nuevo usuario creado
2024-09-30 07:22:13.209 INFO  [JavaFX Application Thread] org.example.appmensajessecretos.ui.GroupController - Logged in
2024-09-30 07:24:28.741 INFO  [JavaFX Application Thread] org.example.appmensajessecretos.ui.GroupController - Nuevo usuario creado
2024-09-30 07:24:28.747 INFO  [JavaFX Application Thread] org.example.appmensajessecretos.ui.GroupController - Logged in
2024-09-30 07:24:36.728 INFO  [JavaFX Application Thread] org.example.appmensajessecretos.ui.GroupController - Se ha unido al grupo
2024-09-30 07:24:45.864 INFO  [JavaFX Application Thread] org.example.appmensajessecretos.ui.GroupController - Nuevo usuario creado
2024-09-30 07:24:45.864 INFO  [JavaFX Application Thread] org.example.appmensajessecretos.ui.GroupController - Logged in
2024-09-30 07:24:49.083 INFO  [JavaFX Application Thread] org.example.appmensajessecretos.ui.GroupController - Se ha unido al grupo
2024-09-30 07:25:58.936 INFO  [JavaFX Application Thread] org.example.appmensajessecretos.ui.GroupController - Nuevo usuario creado
2024-09-30 07:25:58.944 INFO  [JavaFX Application Thread] org.example.appmensajessecretos.ui.GroupController - Logged in
2024-09-30 07:26:06.250 INFO  [JavaFX Application Thread] org.example.appmensajessecretos.ui.GroupController - Se ha unido al grupo
2024-09-30 07:26:19.453 INFO  [JavaFX Application Thread] org.example.appmensajessecretos.ui.GroupController - Usuario eliminado del grupo
2024-09-30 07:27:53.529 INFO  [JavaFX Application Thread] org.example.appmensajessecretos.ui.GroupController - Nuevo usuario creado
2024-09-30 07:27:53.537 INFO  [JavaFX Application Thread] org.example.appmensajessecretos.ui.GroupController - Logged in
2024-09-30 07:27:57.597 INFO  [JavaFX Application Thread] org.example.appmensajessecretos.ui.GroupController - Se ha unido al grupo
2024-09-30 07:28:03.879 INFO  [JavaFX Application Thread] org.example.appmensajessecretos.ui.GroupController - Usuario no encontrado
2024-09-30 07:28:10.624 INFO  [JavaFX Application Thread] org.example.appmensajessecretos.ui.GroupController - Usuario eliminado del grupo
2024-09-30 07:37:33.587 INFO  [JavaFX Application Thread] org.example.appmensajessecretos.ui.GroupController - Nuevo usuario creado
2024-09-30 07:37:33.595 INFO  [JavaFX Application Thread] org.example.appmensajessecretos.ui.GroupController - Logged in
2024-09-30 07:37:39.150 INFO  [JavaFX Application Thread] org.example.appmensajessecretos.ui.GroupController - Se ha unido al grupo
2024-09-30 07:37:47.255 INFO  [JavaFX Application Thread] org.example.appmensajessecretos.ui.GroupController - Usuario no encontrado
2024-09-30 07:37:55.700 INFO  [JavaFX Application Thread] org.example.appmensajessecretos.ui.GroupController - Usuario eliminado del grupo
2024-09-30 07:38:06.487 INFO  [JavaFX Application Thread] org.example.appmensajessecretos.ui.GroupController - Nuevo usuario creado
2024-09-30 07:38:06.488 INFO  [JavaFX Application Thread] org.example.appmensajessecretos.ui.GroupController - Logged in
2024-09-30 07:38:08.442 INFO  [JavaFX Application Thread] org.example.appmensajessecretos.ui.GroupController - Nuevo usuario creado
2024-09-30 07:38:08.443 INFO  [JavaFX Application Thread] org.example.appmensajessecretos.ui.GroupController - Logged in
2024-09-30 07:38:11.706 INFO  [JavaFX Application Thread] org.example.appmensajessecretos.ui.GroupController - Se ha unido al grupo
2024-09-30 07:38:16.026 INFO  [JavaFX Application Thread] org.example.appmensajessecretos.ui.GroupController - Nuevo usuario creado
2024-09-30 07:38:16.027 INFO  [JavaFX Application Thread] org.example.appmensajessecretos.ui.GroupController - Logged in
2024-09-30 07:38:22.717 INFO  [JavaFX Application Thread] org.example.appmensajessecretos.ui.GroupController - Usuario eliminado del grupo
2024-09-30 07:38:26.971 INFO  [JavaFX Application Thread] org.example.appmensajessecretos.ui.GroupController - Nuevo usuario creado
2024-09-30 07:38:26.972 INFO  [JavaFX Application Thread] org.example.appmensajessecretos.ui.GroupController - Logged in
2024-09-30 07:38:28.698 INFO  [JavaFX Application Thread] org.example.appmensajessecretos.ui.GroupController - Nuevo usuario creado
2024-09-30 07:38:28.699 INFO  [JavaFX Application Thread] org.example.appmensajessecretos.ui.GroupController - Logged in
2024-09-30 07:39:58.000 INFO  [JavaFX Application Thread] org.example.appmensajessecretos.ui.GroupController - Nuevo usuario creado
2024-09-30 07:39:58.008 INFO  [JavaFX Application Thread] org.example.appmensajessecretos.ui.GroupController - Logged in
2024-09-30 07:40:18.446 INFO  [JavaFX Application Thread] org.example.appmensajessecretos.ui.GroupController - Se ha unido al grupo
2024-09-30 07:40:24.222 INFO  [JavaFX Application Thread] org.example.appmensajessecretos.ui.GroupController - Nuevo usuario creado
2024-09-30 07:40:24.224 INFO  [JavaFX Application Thread] org.example.appmensajessecretos.ui.GroupController - Logged in
2024-09-30 07:40:33.484 INFO  [JavaFX Application Thread] org.example.appmensajessecretos.ui.GroupController - Logged in
2024-09-30 07:40:42.483 INFO  [JavaFX Application Thread] org.example.appmensajessecretos.ui.GroupController - Logged in
2024-09-30 07:40:45.578 INFO  [JavaFX Application Thread] org.example.appmensajessecretos.ui.GroupController - Logged in
2024-09-30 07:41:00.343 INFO  [JavaFX Application Thread] org.example.appmensajessecretos.ui.GroupController - Se ha unido al grupo
2024-09-30 07:41:10.184 INFO  [JavaFX Application Thread] org.example.appmensajessecretos.ui.GroupController - Usuario eliminado del grupo
2024-09-30 07:41:16.164 INFO  [JavaFX Application Thread] org.example.appmensajessecretos.ui.GroupController - Logged in
2024-09-30 07:41:18.305 INFO  [JavaFX Application Thread] org.example.appmensajessecretos.ui.GroupController - Logged in
2024-09-30 18:03:00.122 INFO  [JavaFX Application Thread] org.example.appmensajessecretos.ui.GroupController - Nuevo usuario creado
2024-09-30 18:03:00.123 INFO  [JavaFX Application Thread] org.example.appmensajessecretos.ui.GroupController - Logged in
2024-09-30 18:03:12.061 INFO  [JavaFX Application Thread] org.example.appmensajessecretos.ui.GroupController - Se ha unido al grupo
2024-09-30 18:03:25.804 INFO  [JavaFX Application Thread] org.example.appmensajessecretos.ui.GroupController - Usuario no encontrado
2024-09-30 18:03:31.385 INFO  [JavaFX Application Thread] org.example.appmensajessecretos.ui.GroupController - Usuario eliminado del grupo
2024-09-30 18:16:09.927 INFO  [JavaFX Application Thread] org.example.appmensajessecretos.ui.GroupController - Nuevo usuario creado
2024-09-30 18:16:09.929 INFO  [JavaFX Application Thread] org.example.appmensajessecretos.ui.GroupController - Logged in
2024-09-30 18:16:16.218 ERROR [JavaFX Application Thread] org.example.appmensajessecretos.ui.GroupController - El grupo no existe, si quiere puede crearlo
2024-09-30 18:16:20.577 INFO  [JavaFX Application Thread] org.example.appmensajessecretos.ui.GroupController - Se ha unido al grupo
2024-09-30 18:25:07.863 INFO  [JavaFX Application Thread] org.example.appmensajessecretos.ui.GroupController - Usuario eliminado del grupo
2024-09-30 18:25:15.903 ERROR [JavaFX Application Thread] org.example.appmensajessecretos.ui.GroupController - No se ha podido crear el grupo
2024-09-30 18:25:20.483 INFO  [JavaFX Application Thread] org.example.appmensajessecretos.ui.GroupController - Grupo creado
2024-09-30 18:25:26.288 INFO  [JavaFX Application Thread] org.example.appmensajessecretos.ui.GroupController - Se ha unido al grupo
2024-09-30 18:25:33.231 INFO  [JavaFX Application Thread] org.example.appmensajessecretos.ui.GroupController - Usuario eliminado del grupo
